2026-02-13 21:41:26,054 - INFO - Logger initialized.
2026-02-13 21:41:26,056 - INFO - Initializing RAG pipeline...
2026-02-13 21:41:26,056 - INFO - Loading FAISS index...
2026-02-13 21:41:26,058 - INFO - Loading match metadata...
2026-02-13 21:41:26,063 - INFO - Loading embedding model: sentence-transformers/all-MiniLM-L6-v2
2026-02-13 21:41:29,644 - INFO - RAG pipeline ready!
2026-02-13 21:41:58,635 - INFO - Searching for: Chelsea vs Arsenal matches
2026-02-13 21:41:58,636 - INFO - Searching top 10 matches for query: 'Chelsea vs Arsenal matches'
2026-02-13 21:41:58,669 - INFO - Found 10 matches
2026-02-13 21:41:58,669 - INFO - Generating summary...
2026-02-13 21:41:58,669 - INFO - Summary generated:
Found 10 relevant matches:


1. 2231
   Match played on 23/04/24 in season-2324 (1) season.
   Home team: Arsenal
   Away team: Chelsea
   Final score: Arsenal 5 - 0 Chelsea
   Full-time result: H
   Half-time score: 1 - 0

2. 901
   Match played on 26/12/20 in season-2021 season.
   Home team: Arsenal
   Away team: Chelsea
   Final score: Arsenal 3 - 1 Chelsea
   Full-time result: H
   Half-time score: 2 - 0

3. 2390
   Match played on 10/11/24 in season-2425 (1) season.
   Home team: Chelsea
   Away team: Arsenal
   Final score: Chelsea 1 - 1 Arsenal
   Full-time result: D
   Half-time score: 0 - 0

4. 1159
   Match played on 22/08/21 in season-2122 season.
   Home team: Arsenal
   Away team: Chelsea
   Final score: Arsenal 0 - 2 Chelsea
   Full-time result: A
   Half-time score: 0 - 2

5. 221
   Match played on 19/01/19 in season-1819 season.
   Home team: Arsenal
   Away team: Chelsea
   Final score: Arsenal 2 - 0 Chelsea
   Full-time result: H
   Half-time score: 2 - 0

6. 2567
   Match played on 16/03/25 in season-2425 (1) season.
   Home team: Arsenal
   Away team: Chelsea
   Final score: Arsenal 1 - 0 Chelsea
   Full-time result: H
   Half-time score: 1 - 0

7. 1110
   Match played on 12/05/21 in season-2021 season.
   Home team: Chelsea
   Away team: Arsenal
   Final score: Chelsea 0 - 1 Arsenal
   Full-time result: A
   Half-time score: 0 - 1

8. 1457
   Match played on 20/04/22 in season-2122 season.
   Home team: Chelsea
   Away team: Arsenal
   Final score: Chelsea 2 - 4 Arsenal
   Full-time result: A
   Half-time score: 2 - 2

9. 2104
   Match played on 20/01/24 in season-2324 (1) season.
   Home team: Arsenal
   Away team: Crystal Palace
   Final score: Arsenal 5 - 0 Crystal Palace
   Full-time result: H
   Half-time score: 2 - 0

10. 1652
   Match played on 06/11/22 in season-2223 season.
   Home team: Chelsea
   Away team: Arsenal
   Final score: Chelsea 0 - 1 Arsenal
   Full-time result: A
   Half-time score: 0 - 0
2026-02-13 21:48:27,804 - INFO - Logger initialized.
2026-02-13 21:48:27,804 - INFO - Initializing RAG pipeline...
2026-02-13 21:48:27,804 - INFO - Loading FAISS index...
2026-02-13 21:48:27,804 - INFO - Loading match metadata...
2026-02-13 21:48:27,820 - INFO - Loading embedding model: sentence-transformers/all-MiniLM-L6-v2
2026-02-13 21:48:31,657 - INFO - RAG pipeline ready!
2026-02-13 21:51:18,001 - INFO - Searching for: Arsenal yellow cards 2025
2026-02-13 21:51:18,001 - INFO - Searching top 10 matches for query: 'Arsenal yellow cards 2025'
2026-02-13 21:51:18,034 - INFO - Found 10 matches
2026-02-13 21:51:18,034 - INFO - Generating summary...
2026-02-13 21:51:18,034 - INFO - Summary generated:
Found 10 relevant matches:


1. 1005
   Match played on 21/02/21 in season-2021 season.
   Home team: Arsenal
   Away team: Man City
   Final score: Arsenal 0 - 1 Man City
   Full-time result: A
   Half-time score: 0 - 1

2. 1106
   Match played on 09/05/21 in season-2021 season.
   Home team: Arsenal
   Away team: West Brom
   Final score: Arsenal 3 - 1 West Brom
   Full-time result: H
   Half-time score: 2 - 0

3. 2027
   Match played on 25/11/23 in season-2324 (1) season.
   Home team: Brentford
   Away team: Arsenal
   Final score: Brentford 0 - 1 Arsenal
   Full-time result: A
   Half-time score: 0 - 0

4. 930
   Match played on 14/01/21 in season-2021 season.
   Home team: Arsenal
   Away team: Crystal Palace
   Final score: Arsenal 0 - 0 Crystal Palace
   Full-time result: D
   Half-time score: 0 - 0

5. 1128
   Match played on 19/05/21 in season-2021 season.
   Home team: Crystal Palace
   Away team: Arsenal
   Final score: Crystal Palace 1 - 3 Arsenal
   Full-time result: A
   Half-time score: 0 - 1

6. 2056
   Match played on 09/12/23 in season-2324 (1) season.
   Home team: Aston Villa
   Away team: Arsenal
   Final score: Aston Villa 1 - 0 Arsenal
   Full-time result: H
   Half-time score: 1 - 0

7. 2025
   Match played on 25/11/23 in season-2324 (1) season.
   Home team: Nott'm Forest
   Away team: Brighton
   Final score: Nott'm Forest 2 - 3 Brighton
   Full-time result: A
   Half-time score: 1 - 2

8. 960
   Match played on 30/01/21 in season-2021 season.
   Home team: Arsenal
   Away team: Man United
   Final score: Arsenal 0 - 0 Man United
   Full-time result: D
   Half-time score: 0 - 0

9. 2104
   Match played on 20/01/24 in season-2324 (1) season.
   Home team: Arsenal
   Away team: Crystal Palace
   Final score: Arsenal 5 - 0 Crystal Palace
   Full-time result: H
   Half-time score: 2 - 0

10. 2026
   Match played on 25/11/23 in season-2324 (1) season.
   Home team: Sheffield United
   Away team: Bournemouth
   Final score: Sheffield United 1 - 3 Bournemouth
   Full-time result: A
   Half-time score: 0 - 2
2026-02-13 22:01:50,630 - INFO - Logger initialized.
2026-02-13 22:01:50,630 - INFO - Initializing RAG pipeline...
2026-02-13 22:01:50,630 - INFO - Loading FAISS index...
2026-02-13 22:01:50,630 - INFO - Loading match metadata...
2026-02-13 22:01:50,647 - INFO - Loading embedding model: sentence-transformers/all-MiniLM-L6-v2
2026-02-13 22:01:55,124 - INFO - RAG pipeline ready!
2026-02-13 22:02:02,940 - INFO - Searching for: Arsenal yellow cards
2026-02-13 22:02:02,940 - INFO - Searching top 10 matches for query: 'Arsenal yellow cards'
2026-02-13 22:02:02,981 - INFO - Found 10 matches
2026-02-13 22:02:02,982 - INFO - Generating summary...
2026-02-13 22:02:02,983 - INFO - Summary generated:
Found 10 relevant matches:


============================================================
MATCH 1:
============================================================
Match played on 30/01/21 in season-2021 season.
Arsenal vs Man United
Score: Arsenal 0 - 0 Man United

Statistics:
  - Home shots: 17 (on target: 3)
  - Fouls: Home 9, Away 16
  - Corners: Home 4, Away 7
  - Yellow cards: Home 1, Away 3
  - Red cards: Home 0, Away 0

============================================================
MATCH 2:
============================================================
Match played on 09/05/21 in season-2021 season.
Arsenal vs West Brom
Score: Arsenal 3 - 1 West Brom

Statistics:
  - Home shots: 15 (on target: 7)
  - Fouls: Home 7, Away 9
  - Corners: Home 6, Away 6
  - Yellow cards: Home 1, Away 2
  - Red cards: Home 0, Away 0

============================================================
MATCH 3:
============================================================
Match played on 14/01/21 in season-2021 season.
Arsenal vs Crystal Palace
Score: Arsenal 0 - 0 Crystal Palace

Statistics:
  - Home shots: 11 (on target: 4)
  - Fouls: Home 10, Away 11
  - Corners: Home 7, Away 3
  - Yellow cards: Home 1, Away 1
  - Red cards: Home 0, Away 0

============================================================
MATCH 4:
============================================================
Match played on 21/02/21 in season-2021 season.
Arsenal vs Man City
Score: Arsenal 0 - 1 Man City

Statistics:
  - Home shots: 7 (on target: 1)
  - Fouls: Home 11, Away 9
  - Corners: Home 1, Away 3
  - Yellow cards: Home 2, Away 2
  - Red cards: Home 0, Away 0

============================================================
MATCH 5:
============================================================
Match played on 01/04/25 in season-2425 (1) season.
Arsenal vs Fulham
Score: Arsenal 2 - 1 Fulham

Statistics:
  - Home shots: 17 (on target: 4)
  - Fouls: Home 2, Away 10
  - Corners: Home 5, Away 4
  - Yellow cards: Home 1, Away 2
  - Red cards: Home 0, Away 0

============================================================
MATCH 6:
============================================================
Match played on 02/02/25 in season-2425 (1) season.
Arsenal vs Man City
Score: Arsenal 5 - 1 Man City

Statistics:
  - Home shots: 12 (on target: 7)
  - Fouls: Home 6, Away 7
  - Corners: Home 5, Away 2
  - Yellow cards: Home 2, Away 0
  - Red cards: Home 0, Away 0

============================================================
MATCH 7:
============================================================
Match played on 02/01/21 in season-2021 season.
West Brom vs Arsenal
Score: West Brom 0 - 4 Arsenal

Statistics:
  - Home shots: 7 (on target: 3)
  - Fouls: Home 7, Away 4
  - Corners: Home 3, Away 5
  - Yellow cards: Home 1, Away 2
  - Red cards: Home 0, Away 0

============================================================
MATCH 8:
============================================================
Match played on 01/01/22 in season-2122 season.
Arsenal vs Man City
Score: Arsenal 1 - 2 Man City

Statistics:
  - Home shots: 7 (on target: 2)
  - Fouls: Home 13, Away 5
  - Corners: Home 5, Away 5
  - Yellow cards: Home 3, Away 2
  - Red cards: Home 1, Away 0

============================================================
MATCH 9:
============================================================
Match played on 12/08/18 in season-1819 season.
Arsenal vs Man City
Score: Arsenal 0 - 2 Man City

Statistics:
  - Home shots: 9 (on target: 3)
  - Fouls: Home 11, Away 14
  - Corners: Home 2, Away 9
  - Yellow cards: Home 2, Away 2
  - Red cards: Home 0, Away 0

============================================================
MATCH 10:
============================================================
Match played on 23/11/24 in season-2425 (1) season.
Arsenal vs Nott'm Forest
Score: Arsenal 3 - 0 Nott'm Forest

Statistics:
  - Home shots: 19 (on target: 7)
  - Fouls: Home 10, Away 1
  - Corners: Home 8, Away 1
  - Yellow cards: Home 3, Away 2
  - Red cards: Home 0, Away 0
